\BOOKMARK [1][-]{section.1}{\376\377\000A\000b\000s\000t\000r\000a\000c\000t}{}% 1
\BOOKMARK [1][-]{section.2}{\376\377\000I\000n\000t\000r\000o\000d\000u\000c\000t\000i\000o\000n}{}% 2
\BOOKMARK [2][-]{subsection.2.1}{\376\377\000M\000o\000t\000i\000v\000a\000t\000i\000o\000n}{section.2}% 3
\BOOKMARK [2][-]{subsection.2.2}{\376\377\000C\000u\000r\000r\000e\000n\000t\000\040\000S\000y\000s\000t\000e\000m\000s}{section.2}% 4
\BOOKMARK [2][-]{subsection.2.3}{\376\377\000P\000r\000o\000b\000l\000e\000m\000s\000\040\000w\000i\000t\000h\000\040\000C\000u\000r\000r\000e\000n\000t\000\040\000S\000y\000s\000t\000e\000m\000s}{section.2}% 5
\BOOKMARK [2][-]{subsection.2.4}{\376\377\000R\000e\000i\000n\000f\000o\000r\000c\000e\000m\000e\000n\000t\000\040\000L\000e\000a\000r\000n\000i\000n\000g\000\040\000S\000y\000s\000t\000e\000m}{section.2}% 6
\BOOKMARK [1][-]{section.3}{\376\377\000B\000a\000c\000k\000g\000r\000o\000u\000n\000d}{}% 7
\BOOKMARK [2][-]{subsection.3.1}{\376\377\000E\000E\0003\0000\0003\000\040\000M\000o\000b\000i\000l\000e\000\040\000R\000o\000b\000o\000t\000i\000c\000s}{section.3}% 8
\BOOKMARK [2][-]{subsection.3.2}{\376\377\000R\000e\000i\000n\000f\000o\000r\000c\000e\000m\000e\000n\000t\000\040\000L\000e\000a\000r\000n\000i\000n\000g}{section.3}% 9
\BOOKMARK [2][-]{subsection.3.3}{\376\377\000R\000e\000i\000n\000f\000o\000r\000c\000e\000m\000e\000n\000t\000\040\000L\000e\000a\000r\000n\000i\000n\000g\000\040\000A\000l\000g\000o\000r\000i\000t\000h\000m\000s}{section.3}% 10
\BOOKMARK [3][-]{subsubsection.3.3.1}{\376\377\000P\000r\000o\000x\000i\000m\000a\000l\000\040\000P\000o\000l\000i\000c\000y\000\040\000O\000p\000t\000i\000m\000i\000z\000a\000t\000i\000o\000n}{subsection.3.3}% 11
\BOOKMARK [3][-]{subsubsection.3.3.2}{\376\377\000D\000e\000e\000p\000\040\000Q\000-\000N\000e\000t\000w\000o\000r\000k}{subsection.3.3}% 12
\BOOKMARK [2][-]{subsection.3.4}{\376\377\000P\000r\000o\000b\000l\000e\000m}{section.3}% 13
\BOOKMARK [2][-]{subsection.3.5}{\376\377\000R\000e\000l\000a\000t\000e\000d\000\040\000W\000o\000r\000k}{section.3}% 14
\BOOKMARK [3][-]{subsubsection.3.5.1}{\376\377\000G\000y\000m\000\040\000H\000e\000r\000o}{subsection.3.5}% 15
\BOOKMARK [3][-]{subsubsection.3.5.2}{\376\377\000D\000o\000o\000d\000l\000e\000\040\000J\000u\000m\000p}{subsection.3.5}% 16
\BOOKMARK [3][-]{subsubsection.3.5.3}{\376\377\000P\000a\000n\000d\000a\000\040\000G\000y\000m}{subsection.3.5}% 17
\BOOKMARK [3][-]{subsubsection.3.5.4}{\376\377\000C\000a\000r\000\040\000R\000a\000c\000i\000n\000g}{subsection.3.5}% 18
\BOOKMARK [3][-]{subsubsection.3.5.5}{\376\377\000C\000o\000n\000c\000l\000u\000s\000i\000o\000n}{subsection.3.5}% 19
\BOOKMARK [1][-]{section.4}{\376\377\000D\000e\000s\000i\000g\000n}{}% 20
\BOOKMARK [2][-]{subsection.4.1}{\376\377\000C\000h\000o\000o\000s\000i\000n\000g\000\040\000P\000y\000t\000h\000o\000n\000\040\000P\000h\000y\000s\000i\000c\000s\000\040\000E\000n\000g\000i\000n\000e}{section.4}% 21
\BOOKMARK [2][-]{subsection.4.2}{\376\377\000P\000y\000B\000u\000l\000l\000e\000t}{section.4}% 22
\BOOKMARK [3][-]{subsubsection.4.2.1}{\376\377\000A\000d\000v\000a\000n\000t\000a\000g\000e\000s}{subsection.4.2}% 23
\BOOKMARK [3][-]{subsubsection.4.2.2}{\376\377\000D\000i\000s\000a\000d\000v\000a\000n\000t\000a\000g\000e\000s}{subsection.4.2}% 24
\BOOKMARK [2][-]{subsection.4.3}{\376\377\000P\000y\000G\000a\000m\000e}{section.4}% 25
\BOOKMARK [3][-]{subsubsection.4.3.1}{\376\377\000A\000d\000v\000a\000n\000t\000a\000g\000e\000s}{subsection.4.3}% 26
\BOOKMARK [3][-]{subsubsection.4.3.2}{\376\377\000D\000i\000s\000a\000d\000v\000a\000n\000t\000a\000g\000e\000s}{subsection.4.3}% 27
\BOOKMARK [2][-]{subsection.4.4}{\376\377\000D\000i\000f\000f\000e\000r\000e\000n\000t\000i\000a\000l\000\040\000D\000r\000i\000v\000e\000\040\000F\000u\000n\000c\000t\000i\000o\000n}{section.4}% 28
\BOOKMARK [2][-]{subsection.4.5}{\376\377\000C\000o\000l\000l\000i\000s\000i\000o\000n\000\040\000D\000e\000t\000e\000c\000t\000i\000o\000n}{section.4}% 29
\BOOKMARK [2][-]{subsection.4.6}{\376\377\000A\000c\000t\000i\000o\000n\000\040\000S\000p\000a\000c\000e}{section.4}% 30
\BOOKMARK [3][-]{subsubsection.4.6.1}{\376\377\000D\000i\000s\000c\000r\000e\000t\000e\000\040\000A\000c\000t\000i\000o\000n\000\040\000S\000p\000a\000c\000e}{subsection.4.6}% 31
\BOOKMARK [3][-]{subsubsection.4.6.2}{\376\377\000C\000o\000n\000t\000i\000n\000o\000u\000s\000\040\000A\000c\000t\000i\000o\000n\000\040\000S\000p\000a\000c\000e}{subsection.4.6}% 32
\BOOKMARK [2][-]{subsection.4.7}{\376\377\000O\000b\000s\000e\000r\000v\000a\000t\000i\000o\000n\000\040\000S\000p\000a\000c\000e}{section.4}% 33
\BOOKMARK [3][-]{subsubsection.4.7.1}{\376\377\000I\000n\000i\000t\000i\000a\000l\000\040\000O\000b\000s\000e\000r\000v\000a\000t\000i\000o\000n\000\040\000S\000p\000a\000c\000e}{subsection.4.7}% 34
\BOOKMARK [3][-]{subsubsection.4.7.2}{\376\377\000S\000i\000m\000p\000l\000i\000f\000i\000e\000d\000\040\000O\000b\000s\000e\000r\000v\000a\000t\000i\000o\000n\000\040\000S\000p\000a\000c\000e}{subsection.4.7}% 35
\BOOKMARK [3][-]{subsubsection.4.7.3}{\376\377\000F\000i\000n\000a\000l\000\040\000O\000b\000s\000e\000r\000v\000a\000t\000i\000o\000n\000\040\000S\000p\000a\000c\000e}{subsection.4.7}% 36
\BOOKMARK [2][-]{subsection.4.8}{\376\377\000R\000e\000w\000a\000r\000d\000\040\000F\000u\000n\000c\000t\000i\000o\000n}{section.4}% 37
\BOOKMARK [3][-]{subsubsection.4.8.1}{\376\377\000I\000n\000i\000t\000i\000a\000l\000\040\000R\000e\000w\000a\000r\000d\000\040\000S\000y\000s\000t\000e\000m}{subsection.4.8}% 38
\BOOKMARK [3][-]{subsubsection.4.8.2}{\376\377\000F\000u\000r\000t\000h\000e\000r\000\040\000R\000e\000w\000a\000r\000d\000\040\000S\000y\000s\000t\000e\000m}{subsection.4.8}% 39
\BOOKMARK [3][-]{subsubsection.4.8.3}{\376\377\000F\000i\000n\000a\000l\000\040\000R\000e\000w\000a\000r\000d\000\040\000S\000y\000s\000t\000e\000m}{subsection.4.8}% 40
\BOOKMARK [2][-]{subsection.4.9}{\376\377\000C\000h\000o\000o\000s\000i\000n\000g\000\040\000R\000L\000\040\000A\000l\000g\000o\000r\000i\000t\000h\000m}{section.4}% 41
\BOOKMARK [2][-]{subsection.4.10}{\376\377\000T\000r\000a\000i\000n\000i\000n\000g}{section.4}% 42
\BOOKMARK [3][-]{subsubsection.4.10.1}{\376\377\000P\000r\000o\000c\000e\000s\000s}{subsection.4.10}% 43
\BOOKMARK [3][-]{subsubsection.4.10.2}{\376\377\000T\000e\000n\000s\000o\000r\000B\000o\000a\000r\000d}{subsection.4.10}% 44
\BOOKMARK [2][-]{subsection.4.11}{\376\377\000P\000o\000r\000t\000i\000n\000g\000\040\000t\000o\000\040\000H\000a\000r\000d\000w\000a\000r\000e}{section.4}% 45
\BOOKMARK [3][-]{subsubsection.4.11.1}{\376\377\000E\000x\000p\000o\000r\000t\000i\000n\000g\000\040\000N\000e\000u\000r\000a\000l\000\040\000N\000e\000t\000w\000o\000r\000k}{subsection.4.11}% 46
\BOOKMARK [3][-]{subsubsection.4.11.2}{\376\377\000P\000r\000o\000g\000r\000a\000m\000m\000i\000n\000g\000\040\000M\000i\000c\000r\000o\000c\000o\000n\000t\000r\000o\000l\000l\000e\000r}{subsection.4.11}% 47
\BOOKMARK [3][-]{subsubsection.4.11.3}{\376\377\000I\000n\000t\000e\000g\000r\000a\000t\000i\000o\000n\000\040\000I\000s\000s\000u\000e\000s}{subsection.4.11}% 48
\BOOKMARK [1][-]{section.5}{\376\377\000E\000t\000h\000i\000c\000s}{}% 49
\BOOKMARK [1][-]{section.6}{\376\377\000D\000e\000b\000u\000g\000g\000i\000n\000g}{}% 50
\BOOKMARK [2][-]{subsection.6.1}{\376\377\000S\000i\000m\000u\000l\000a\000t\000o\000r\000\040\000D\000e\000b\000u\000g\000g\000i\000n\000g}{section.6}% 51
\BOOKMARK [3][-]{subsubsection.6.1.1}{\376\377\000D\000e\000b\000u\000g\000g\000i\000n\000g\000\040\000O\000b\000s\000e\000r\000v\000a\000t\000i\000o\000n\000\040\000S\000p\000a\000c\000e}{subsection.6.1}% 52
\BOOKMARK [3][-]{subsubsection.6.1.2}{\376\377\000D\000e\000b\000u\000g\000g\000i\000n\000g\000\040\000A\000c\000t\000i\000o\000n\000\040\000S\000p\000a\000c\000e}{subsection.6.1}% 53
\BOOKMARK [3][-]{subsubsection.6.1.3}{\376\377\000D\000e\000b\000u\000g\000g\000i\000n\000g\000\040\000R\000e\000w\000a\000r\000d\000\040\000S\000p\000a\000c\000e}{subsection.6.1}% 54
\BOOKMARK [2][-]{subsection.6.2}{\376\377\000H\000a\000r\000d\000w\000a\000r\000e\000\040\000D\000e\000b\000u\000g\000g\000i\000n\000g}{section.6}% 55
\BOOKMARK [1][-]{section.7}{\376\377\000T\000e\000s\000t\000i\000n\000g}{}% 56
\BOOKMARK [1][-]{section.8}{\376\377\000R\000e\000s\000u\000l\000t\000s}{}% 57
\BOOKMARK [2][-]{subsection.8.1}{\376\377\000S\000i\000m\000u\000l\000a\000t\000o\000r\000\040\000P\000e\000r\000f\000o\000r\000m\000a\000n\000c\000e}{section.8}% 58
\BOOKMARK [2][-]{subsection.8.2}{\376\377\000H\000a\000r\000d\000w\000a\000r\000e\000\040\000P\000e\000r\000f\000o\000r\000m\000a\000n\000c\000e}{section.8}% 59
\BOOKMARK [1][-]{section.9}{\376\377\000C\000o\000n\000c\000l\000u\000s\000i\000o\000n}{}% 60
\BOOKMARK [2][-]{subsection.9.1}{\376\377\000A\000v\000e\000n\000u\000e\000s\000\040\000f\000o\000r\000\040\000F\000u\000r\000t\000h\000e\000r\000\040\000R\000e\000s\000e\000a\000r\000c\000h}{section.9}% 61
\BOOKMARK [1][-]{section.10}{\376\377\000P\000r\000o\000j\000e\000c\000t\000\040\000L\000o\000g}{}% 62
\BOOKMARK [1][-]{section.11}{\376\377\000A\000p\000e\000n\000d\000i\000x}{}% 63
\BOOKMARK [2][-]{subsection.11.1}{\376\377\000S\000o\000u\000r\000c\000e\000\040\000c\000o\000d\000e\000\040\000f\000o\000r\000\040\000t\000h\000e\000\040\000s\000i\000m\000u\000l\000a\000t\000o\000r\000\040\000a\000n\000d\000\040\000h\000a\000r\000d\000w\000a\000r\000e}{section.11}% 64
\BOOKMARK [2][-]{subsection.11.2}{\376\377\000M\000S\000P\0004\0003\0002}{section.11}% 65
